c:\users\salli\onedrive - bth student\programmering\3d-programmering\project\d3d11project\d3d11project\x64\debug\vc143.pdb
c:\users\salli\onedrive - bth student\programmering\3d-programmering\project\d3d11project\d3d11project\x64\debug\vc143.idb
c:\users\salli\onedrive - bth student\programmering\3d-programmering\project\d3d11project\d3d11project\x64\debug\shaderresourcetextured3d11.obj
c:\users\salli\onedrive - bth student\programmering\3d-programmering\project\d3d11project\d3d11project\x64\debug\shaderd3d11.obj
c:\users\salli\onedrive - bth student\programmering\3d-programmering\project\d3d11project\d3d11project\x64\debug\sceneobjectreflective.obj
c:\users\salli\onedrive - bth student\programmering\3d-programmering\project\d3d11project\d3d11project\x64\debug\sceneobject.obj
c:\users\salli\onedrive - bth student\programmering\3d-programmering\project\d3d11project\d3d11project\x64\debug\samplerd3d11.obj
c:\users\salli\onedrive - bth student\programmering\3d-programmering\project\d3d11project\d3d11project\x64\debug\rendertargetd3d11.obj
c:\users\salli\onedrive - bth student\programmering\3d-programmering\project\d3d11project\d3d11project\x64\debug\renderhelper.obj
c:\users\salli\onedrive - bth student\programmering\3d-programmering\project\d3d11project\d3d11project\x64\debug\pipelinehelper.obj
c:\users\salli\onedrive - bth student\programmering\3d-programmering\project\d3d11project\d3d11project\x64\debug\particles.obj
c:\users\salli\onedrive - bth student\programmering\3d-programmering\project\d3d11project\d3d11project\x64\debug\objecthelper.obj
c:\users\salli\onedrive - bth student\programmering\3d-programmering\project\d3d11project\d3d11project\x64\debug\object.obj
c:\users\salli\onedrive - bth student\programmering\3d-programmering\project\d3d11project\d3d11project\x64\debug\meshd3d11.obj
c:\users\salli\onedrive - bth student\programmering\3d-programmering\project\d3d11project\d3d11project\x64\debug\inputlayoutd3d11.obj
c:\users\salli\onedrive - bth student\programmering\3d-programmering\project\d3d11project\d3d11project\x64\debug\inputhelper.obj
c:\users\salli\onedrive - bth student\programmering\3d-programmering\project\d3d11project\d3d11project\x64\debug\indexbufferd3d11.obj
c:\users\salli\onedrive - bth student\programmering\3d-programmering\project\d3d11project\d3d11project\x64\debug\geometrybuffer.obj
c:\users\salli\onedrive - bth student\programmering\3d-programmering\project\d3d11project\d3d11project\x64\debug\depthbufferd3d11.obj
c:\users\salli\onedrive - bth student\programmering\3d-programmering\project\d3d11project\d3d11project\x64\debug\d3d11helper.obj
c:\users\salli\onedrive - bth student\programmering\3d-programmering\project\d3d11project\d3d11project\x64\debug\constantbufferd3d11.obj
c:\users\salli\onedrive - bth student\programmering\3d-programmering\project\d3d11project\d3d11project\x64\debug\camerad3d11.obj
c:\users\salli\onedrive - bth student\programmering\3d-programmering\project\d3d11project\d3d11project\x64\debug\main.obj
c:\users\salli\onedrive - bth student\programmering\3d-programmering\project\d3d11project\d3d11project\x64\debug\windowhelper.obj
c:\users\salli\onedrive - bth student\programmering\3d-programmering\project\d3d11project\d3d11project\x64\debug\vertexbufferd3d11.obj
c:\users\salli\onedrive - bth student\programmering\3d-programmering\project\d3d11project\d3d11project\x64\debug\submeshd3d11.obj
c:\users\salli\onedrive - bth student\programmering\3d-programmering\project\d3d11project\d3d11project\x64\debug\structuredbufferd3d11.obj
c:\users\salli\onedrive - bth student\programmering\3d-programmering\project\d3d11project\d3d11project\x64\debug\spotlightcollectiond3d11.obj
c:\users\salli\onedrive - bth student\programmering\3d-programmering\project\d3d11project\d3d11project\x64\debug\quadtree.obj
c:\users\salli\onedrive - bth student\programmering\3d-programmering\project\d3d11project\x64\debug\computeshader.cso
c:\users\salli\onedrive - bth student\programmering\3d-programmering\project\d3d11project\x64\debug\pixelshadercubemap.cso
c:\users\salli\onedrive - bth student\programmering\3d-programmering\project\d3d11project\x64\debug\pixelshaderparticles.cso
c:\users\salli\onedrive - bth student\programmering\3d-programmering\project\d3d11project\x64\debug\computeshaderparticles.cso
c:\users\salli\onedrive - bth student\programmering\3d-programmering\project\d3d11project\x64\debug\geometryshaderparticles.cso
c:\users\salli\onedrive - bth student\programmering\3d-programmering\project\d3d11project\x64\debug\vertexshaderparticles.cso
c:\users\salli\onedrive - bth student\programmering\3d-programmering\project\d3d11project\x64\debug\pixelshaderdeferred.cso
c:\users\salli\onedrive - bth student\programmering\3d-programmering\project\d3d11project\x64\debug\vertexshader.cso
c:\users\salli\onedrive - bth student\programmering\3d-programmering\project\d3d11project\x64\debug\domainshaderlod.cso
c:\users\salli\onedrive - bth student\programmering\3d-programmering\project\d3d11project\x64\debug\hullshaderlod.cso
c:\users\salli\onedrive - bth student\programmering\3d-programmering\project\d3d11project\x64\debug\d3d11project.pdb
c:\users\salli\onedrive - bth student\programmering\3d-programmering\project\d3d11project\d3d11project\x64\debug\d3d11project.tlog\cl.command.1.tlog
c:\users\salli\onedrive - bth student\programmering\3d-programmering\project\d3d11project\d3d11project\x64\debug\d3d11project.tlog\cl.items.tlog
c:\users\salli\onedrive - bth student\programmering\3d-programmering\project\d3d11project\d3d11project\x64\debug\d3d11project.tlog\cl.read.1.tlog
c:\users\salli\onedrive - bth student\programmering\3d-programmering\project\d3d11project\d3d11project\x64\debug\d3d11project.tlog\cl.write.1.tlog
c:\users\salli\onedrive - bth student\programmering\3d-programmering\project\d3d11project\d3d11project\x64\debug\d3d11project.tlog\fxc.command.1.tlog
c:\users\salli\onedrive - bth student\programmering\3d-programmering\project\d3d11project\d3d11project\x64\debug\d3d11project.tlog\fxc.read.1.tlog
c:\users\salli\onedrive - bth student\programmering\3d-programmering\project\d3d11project\d3d11project\x64\debug\d3d11project.tlog\fxc.write.1.tlog
c:\users\salli\onedrive - bth student\programmering\3d-programmering\project\d3d11project\d3d11project\x64\debug\d3d11project.tlog\link-cvtres.read.1.tlog
c:\users\salli\onedrive - bth student\programmering\3d-programmering\project\d3d11project\d3d11project\x64\debug\d3d11project.tlog\link-cvtres.write.1.tlog
c:\users\salli\onedrive - bth student\programmering\3d-programmering\project\d3d11project\d3d11project\x64\debug\d3d11project.tlog\link-rc.read.1.tlog
c:\users\salli\onedrive - bth student\programmering\3d-programmering\project\d3d11project\d3d11project\x64\debug\d3d11project.tlog\link-rc.write.1.tlog
c:\users\salli\onedrive - bth student\programmering\3d-programmering\project\d3d11project\d3d11project\x64\debug\d3d11project.tlog\link.6140-cvtres.read.1.tlog
c:\users\salli\onedrive - bth student\programmering\3d-programmering\project\d3d11project\d3d11project\x64\debug\d3d11project.tlog\link.6140-cvtres.write.1.tlog
c:\users\salli\onedrive - bth student\programmering\3d-programmering\project\d3d11project\d3d11project\x64\debug\d3d11project.tlog\link.6140-rc.read.1.tlog
c:\users\salli\onedrive - bth student\programmering\3d-programmering\project\d3d11project\d3d11project\x64\debug\d3d11project.tlog\link.6140-rc.write.1.tlog
c:\users\salli\onedrive - bth student\programmering\3d-programmering\project\d3d11project\d3d11project\x64\debug\d3d11project.tlog\link.6140.read.1.tlog
c:\users\salli\onedrive - bth student\programmering\3d-programmering\project\d3d11project\d3d11project\x64\debug\d3d11project.tlog\link.6140.read.2.tlog
c:\users\salli\onedrive - bth student\programmering\3d-programmering\project\d3d11project\d3d11project\x64\debug\d3d11project.tlog\link.6140.write.1.tlog
c:\users\salli\onedrive - bth student\programmering\3d-programmering\project\d3d11project\d3d11project\x64\debug\d3d11project.tlog\link.command.1.tlog
c:\users\salli\onedrive - bth student\programmering\3d-programmering\project\d3d11project\d3d11project\x64\debug\d3d11project.tlog\link.read.1.tlog
c:\users\salli\onedrive - bth student\programmering\3d-programmering\project\d3d11project\d3d11project\x64\debug\d3d11project.tlog\link.read.2.tlog
c:\users\salli\onedrive - bth student\programmering\3d-programmering\project\d3d11project\d3d11project\x64\debug\d3d11project.tlog\link.write.1.tlog
